# Mark Roberts


# Fri 05/20/11
13:50		*in*
15:50	[02:00]	techsuggestions
16:20	[00:30]	overhead
16:45	[00:25]	www-migration
16:45		*out*
17:05		*in*
17:40	[00:25]	www-migration
17:40		*out*


# Mon 05/23/11
14:40		*in*
15:00	[00:20]	overhead
15:30	[00:30]	techsuggestions
17:05	[01:35]	www-migration
17:18	[00:13]	timeslips
17:25	[00:07]	overhead
17:25	[00:00]	overhead
17:27		*out*


# Wed 05/25/11
14:00		*in*
14:10	[00:10]	overhead
14:30	[00:20]	proj-mgmt
16:00	[01:30]	identity-css
16:20	[00:20]	identity-test
16:40	[00:20]	overhead
16:55	[00:15]	proj-mgmt
18:05	[01:10]	portal-apps
18:12	[00:07]	timeslips
18:13		*out*


# Fri 05/27/11
13:38		*in*
13:52	[00:14]	proj-mgmt
15:49	[01:57]	portal-apps
16:25	[00:36]	uhi
16:33	[00:08]	overhead
17:21	[00:48]	www-migration
17:26	[00:05]	overhead
17:26		*out*
